生成启动时间为 2015/12/26 15:05:14。
     1>项目“F:\DirectX_project\DirectX11_FirstCamera\DirectX11_FirstCamera\DirectX11_FirstCamera.vcxproj”在节点 2 上(Build 个目标)。
     1>InitializeBuildStatus:
         正在创建“Debug\DirectX1.EC127226.tlog\unsuccessfulbuild”，因为已指定“AlwaysCreate”。
       ClCompile:
         D:\vs2013\VC\bin\CL.exe /c /ZI /nologo /W3 /WX- /sdl /Od /Oy- /D WIN32 /D _DEBUG /D _WINDOWS /D _UNICODE /D UNICODE /Gm /EHsc /RTC1 /MDd /GS /fp:precise /Zc:wchar_t /Zc:forScope /Fo"Debug\\" /Fd"Debug\vc120.pdb" /Gd /TP /analyze- /errorReport:prompt WinMain.cpp
         WinMain.cpp
       Link:
         D:\vs2013\VC\bin\link.exe /ERRORREPORT:PROMPT /OUT:"F:\DirectX_project\DirectX11_FirstCamera\Debug\DirectX11_FirstCamera.exe" /INCREMENTAL /NOLOGO d2d1.lib d3d11.lib dxgi.lib ole32.lib windowscodecs.lib dwrite.lib xaudio2.lib mfcore.lib mfplat.lib mfreadwrite.lib xinput.lib mfuuid.lib D3DCompiler.lib kernel32.lib user32.lib gdi32.lib winspool.lib comdlg32.lib advapi32.lib shell32.lib ole32.lib oleaut32.lib uuid.lib odbc32.lib odbccp32.lib /MANIFEST /MANIFESTUAC:"level='asInvoker' uiAccess='false'" /manifest:embed /DEBUG /PDB:"F:\DirectX_project\DirectX11_FirstCamera\Debug\DirectX11_FirstCamera.pdb" /SUBSYSTEM:WINDOWS /TLBID:1 /DYNAMICBASE /NXCOMPAT /IMPLIB:"F:\DirectX_project\DirectX11_FirstCamera\Debug\DirectX11_FirstCamera.lib" /MACHINE:X86 Debug\DDSTextureLoader.obj
         Debug\DrawFunction.obj
         Debug\FirstCamera.obj
         Debug\My_D3D_APP.obj
         Debug\WinMain.obj
         Debug\WinProc_Drawfunc.obj
         DirectX11_FirstCamera.vcxproj -> F:\DirectX_project\DirectX11_FirstCamera\Debug\DirectX11_FirstCamera.exe
       FinalizeBuildStatus:
         正在删除文件“Debug\DirectX1.EC127226.tlog\unsuccessfulbuild”。
         正在对“Debug\DirectX1.EC127226.tlog\DirectX11_FirstCamera.lastbuildstate”执行 Touch 任务。
     1>已完成生成项目“F:\DirectX_project\DirectX11_FirstCamera\DirectX11_FirstCamera\DirectX11_FirstCamera.vcxproj”(Build 个目标)的操作。

生成成功。

已用时间 00:00:04.21
