生成启动时间为 2015/11/15 21:07:23。
     1>项目“F:\DirectX_project\DirectX11_BasicFrameWork\DirectX11_BasicFrameWork\DirectX11_BasicFrameWork.vcxproj”在节点 2 上(Build 个目标)。
     1>InitializeBuildStatus:
         正在创建“Debug\DirectX1.EC127226.tlog\unsuccessfulbuild”，因为已指定“AlwaysCreate”。
       ClCompile:
         D:\vs2013\VC\bin\CL.exe /c /ZI /nologo /W3 /WX- /sdl /Od /Oy- /D WIN32 /D _DEBUG /D _WINDOWS /D _UNICODE /D UNICODE /Gm /EHsc /RTC1 /MDd /GS /fp:precise /Zc:wchar_t /Zc:forScope /Fo"Debug\\" /Fd"Debug\vc120.pdb" /Gd /TP /analyze- /errorReport:prompt DrawFunction.cpp WinMain.cpp
         DrawFunction.cpp
         正在生成代码...
         正在编译...
         WinMain.cpp
         正在生成代码...
       Link:
         D:\vs2013\VC\bin\link.exe /ERRORREPORT:PROMPT /OUT:"F:\DirectX_project\DirectX11_BasicFrameWork\Debug\DirectX11_BasicFrameWork.exe" /INCREMENTAL /NOLOGO d2d1.lib d3d11.lib dxgi.lib ole32.lib windowscodecs.lib dwrite.lib xaudio2.lib mfcore.lib mfplat.lib mfreadwrite.lib xinput.lib mfuuid.lib kernel32.lib user32.lib gdi32.lib winspool.lib comdlg32.lib advapi32.lib shell32.lib ole32.lib oleaut32.lib uuid.lib odbc32.lib odbccp32.lib /MANIFEST /MANIFESTUAC:"level='asInvoker' uiAccess='false'" /manifest:embed /DEBUG /PDB:"F:\DirectX_project\DirectX11_BasicFrameWork\Debug\DirectX11_BasicFrameWork.pdb" /SUBSYSTEM:WINDOWS /TLBID:1 /DYNAMICBASE /NXCOMPAT /IMPLIB:"F:\DirectX_project\DirectX11_BasicFrameWork\Debug\DirectX11_BasicFrameWork.lib" /MACHINE:X86 Debug\DrawFunction.obj
         Debug\My_D3D_APP.obj
         Debug\WinMain.obj
         DirectX11_BasicFrameWork.vcxproj -> F:\DirectX_project\DirectX11_BasicFrameWork\Debug\DirectX11_BasicFrameWork.exe
       FinalizeBuildStatus:
         正在删除文件“Debug\DirectX1.EC127226.tlog\unsuccessfulbuild”。
         正在对“Debug\DirectX1.EC127226.tlog\DirectX11_BasicFrameWork.lastbuildstate”执行 Touch 任务。
     1>已完成生成项目“F:\DirectX_project\DirectX11_BasicFrameWork\DirectX11_BasicFrameWork\DirectX11_BasicFrameWork.vcxproj”(Build 个目标)的操作。

生成成功。

已用时间 00:00:02.28
